<?xml version="1.0" encoding="UTF-8"?>
<!-- Generated by org.testng.reporters.JUnitReportReporter -->
<testsuite hostname="LAPTOP-QT2UH10T" failures="0" tests="1" name="demo_002.Put_002" time="3.087" errors="0" timestamp="2024-01-22T14:08:28 IST" skipped="0">
  <testcase classname="demo_002.Put_002" name="Test_1" time="3.087"/>
</testsuite> <!-- demo_002.Put_002 -->
