<?xml version="1.0" encoding="UTF-8"?>
<!-- Generated by org.testng.reporters.JUnitReportReporter -->
<testsuite hostname="LAPTOP-QT2UH10T" failures="0" tests="1" name="demo_001.Get_001" time="1.800" errors="0" timestamp="2024-01-22T15:08:28 IST" skipped="0">
  <testcase classname="demo_001.Get_001" name="getUse" time="1.800"/>
</testsuite> <!-- demo_001.Get_001 -->
