<?xml version="1.0" encoding="UTF-8"?>
<!-- Generated by org.testng.reporters.JUnitReportReporter -->
<testsuite hostname="LAPTOP-QT2UH10T" failures="0" tests="1" name="demo_003.Demo_003_responsefullbody" time="2.611" errors="0" timestamp="2024-01-23T13:42:15 IST" skipped="0">
  <testcase classname="demo_003.Demo_003_responsefullbody" name="test1" time="2.611"/>
</testsuite> <!-- demo_003.Demo_003_responsefullbody -->
