<?xml version="1.0" encoding="UTF-8"?>
<!-- Generated by org.testng.reporters.JUnitReportReporter -->
<testsuite hostname="LAPTOP-QT2UH10T" failures="0" tests="1" name="demo_002.Get_004" time="3.107" errors="0" timestamp="2024-01-23T12:16:02 IST" skipped="0">
  <testcase classname="demo_002.Get_004" name="getreq1" time="3.107"/>
</testsuite> <!-- demo_002.Get_004 -->
