<?xml version="1.0" encoding="UTF-8"?>
<!-- Generated by org.testng.reporters.JUnitReportReporter -->
<testsuite hostname="LAPTOP-QT2UH10T" failures="0" tests="1" name="demo_004.Demo_002" time="3.020" errors="0" timestamp="2024-01-24T13:00:31 IST" skipped="0">
  <testcase classname="demo_004.Demo_002" name="test_1" time="3.020"/>
  <system-out/>
</testsuite> <!-- demo_004.Demo_002 -->
