<?xml version="1.0" encoding="UTF-8"?>
<!-- Generated by org.testng.reporters.JUnitReportReporter -->
<testsuite hostname="LAPTOP-QT2UH10T" failures="0" tests="1" name="demo_002.Delete_001" time="2.578" errors="0" timestamp="2024-01-22T14:11:54 IST" skipped="0">
  <testcase classname="demo_002.Delete_001" name="test" time="2.578"/>
</testsuite> <!-- demo_002.Delete_001 -->
