<?xml version="1.0" encoding="UTF-8"?>
<!-- Generated by org.testng.reporters.JUnitReportReporter -->
<testsuite hostname="LAPTOP-QT2UH10T" failures="0" tests="1" name="demo_002.Get_001" time="3.729" errors="0" timestamp="2024-01-22T12:59:20 IST" skipped="0">
  <testcase classname="demo_002.Get_001" name="getreq1" time="3.729"/>
</testsuite> <!-- demo_002.Get_001 -->
