<?xml version="1.0" encoding="UTF-8"?>
<!-- Generated by org.testng.reporters.JUnitReportReporter -->
<testsuite hostname="LAPTOP-QT2UH10T" failures="0" tests="1" name="demo_004.Demo_003" time="2.554" errors="0" timestamp="2024-01-24T13:46:04 IST" skipped="0">
  <testcase classname="demo_004.Demo_003" name="test_1" time="2.554"/>
  <system-out/>
</testsuite> <!-- demo_004.Demo_003 -->
