<?xml version="1.0" encoding="UTF-8"?>
<!-- Generated by org.testng.reporters.JUnitReportReporter -->
<testsuite hostname="LAPTOP-QT2UH10T" failures="0" tests="1" name="demo_003.Demo_004_chaining_using_get_Post" time="4.065" errors="0" timestamp="2024-01-23T13:40:50 IST" skipped="0">
  <testcase classname="demo_003.Demo_004_chaining_using_get_Post" name="test_1" time="4.065"/>
</testsuite> <!-- demo_003.Demo_004_chaining_using_get_Post -->
